{
  "Cucumber Features": {
    "coverage": {
      "/home/bluegirl/csce431/hesti/features/support/paths.rb": {
        "lines": [
          1,
          null,
          null,
          null,
          null,
          null,
          null,
          1,
          32,
          null,
          null,
          3,
          null,
          null,
          4,
          null,
          null,
          4,
          null,
          null,
          6,
          null,
          null,
          4,
          null,
          null,
          1,
          null,
          null,
          6,
          null,
          null,
          3,
          null,
          null,
          1,
          null,
          null,
          null,
          null,
          null,
          null,
          null,
          null,
          0,
          null,
          null,
          null,
          null,
          null,
          1
        ]
      },
      "/home/bluegirl/csce431/hesti/features/step_definitions/steps.rb": {
        "lines": [
          1,
          1,
          1,
          1,
          1,
          1,
          null,
          1,
          1,
          2,
          null,
          null,
          1,
          null,
          1,
          24,
          42,
          null,
          null,
          null,
          1,
          10,
          20,
          20,
          20,
          20,
          20,
          null,
          20,
          null,
          null,
          null,
          null,
          1,
          5,
          7,
          null,
          null,
          null,
          1,
          24,
          null,
          null,
          1,
          14,
          null,
          14,
          null,
          14,
          14,
          14,
          14,
          null,
          null,
          1,
          8,
          0,
          null,
          8,
          null,
          null,
          null,
          1,
          1,
          1,
          null,
          null,
          null,
          1,
          1,
          1,
          1,
          1,
          1,
          1,
          null,
          1,
          1,
          1,
          1,
          1,
          1,
          null,
          null,
          1,
          3,
          3,
          3,
          3,
          3,
          3,
          null,
          3,
          3,
          3,
          3,
          3,
          3,
          null,
          null,
          1,
          3,
          3,
          null,
          null,
          1,
          2,
          2,
          2,
          2,
          2,
          2,
          2,
          2,
          2,
          2,
          2,
          2,
          2,
          2,
          2,
          null,
          2,
          2,
          2,
          2,
          2,
          2,
          2,
          2,
          2,
          2,
          null,
          0,
          null,
          null,
          2,
          0,
          null,
          2,
          null,
          null,
          null,
          2,
          2,
          2,
          2,
          2,
          null,
          null,
          1,
          4,
          null,
          null,
          1,
          1,
          1,
          null,
          null,
          1,
          16,
          null,
          null,
          1,
          22,
          null,
          null,
          1,
          1,
          null,
          null,
          1,
          0,
          0,
          null,
          null,
          null,
          null,
          null,
          null,
          null
        ]
      },
      "/home/bluegirl/csce431/hesti/app/models/user.rb": {
        "lines": [
          1,
          1,
          1,
          1,
          null,
          1,
          1,
          1,
          1,
          1,
          1,
          null
        ]
      },
      "/home/bluegirl/csce431/hesti/app/models/application_record.rb": {
        "lines": [
          1,
          1,
          null
        ]
      },
      "/home/bluegirl/csce431/hesti/app/controllers/sessions_controller.rb": {
        "lines": [
          1,
          1,
          null,
          1,
          null,
          null,
          1,
          17,
          null,
          17,
          15,
          null,
          15,
          null,
          2,
          2,
          null,
          null,
          null,
          1,
          0,
          0,
          null,
          0,
          null,
          0,
          null,
          null,
          null,
          null,
          1,
          1,
          1,
          null,
          null,
          1,
          1,
          0,
          null,
          0,
          null,
          0,
          null,
          0,
          null,
          null,
          null,
          0,
          null,
          null,
          0,
          null,
          0,
          null,
          null,
          null,
          null,
          1,
          null,
          0,
          null,
          null,
          null,
          null,
          null,
          0,
          0,
          null,
          null,
          0,
          0,
          0,
          null,
          null,
          null,
          null,
          null,
          null,
          1,
          null,
          0,
          0,
          0,
          0,
          0,
          null,
          null,
          null,
          0,
          null,
          null,
          null,
          1,
          0,
          0,
          0,
          0,
          0,
          0,
          0,
          null,
          null,
          0,
          null,
          null
        ]
      },
      "/home/bluegirl/csce431/hesti/app/controllers/application_controller.rb": {
        "lines": [
          1,
          1,
          null,
          1,
          null,
          null
        ]
      },
      "/home/bluegirl/csce431/hesti/app/helpers/application_helper.rb": {
        "lines": [
          1,
          null
        ]
      },
      "/home/bluegirl/csce431/hesti/app/helpers/carousel_helper.rb": {
        "lines": [
          1,
          1,
          8,
          null,
          null,
          1,
          1,
          8,
          8,
          null,
          null,
          1,
          null,
          8,
          null,
          null,
          null,
          null,
          null,
          null,
          8,
          8,
          null,
          null,
          1,
          null,
          1,
          1,
          null,
          1,
          16,
          8,
          null,
          null,
          1,
          null,
          16,
          null,
          null,
          null,
          null,
          null,
          null,
          8,
          null,
          null,
          1,
          16,
          8,
          null,
          null,
          1,
          null,
          16,
          null,
          null,
          8,
          8,
          null,
          null,
          1,
          8,
          null,
          null,
          1,
          null,
          16,
          null,
          null,
          null,
          null,
          null,
          null,
          null,
          16,
          null,
          null,
          null,
          null,
          null,
          16,
          16,
          null,
          null,
          null
        ]
      },
      "/home/bluegirl/csce431/hesti/app/helpers/listings_helper.rb": {
        "lines": [
          1,
          null
        ]
      },
      "/home/bluegirl/csce431/hesti/app/helpers/sessions_helper.rb": {
        "lines": [
          1,
          null
        ]
      },
      "/home/bluegirl/csce431/hesti/app/helpers/users_helper.rb": {
        "lines": [
          1,
          null
        ]
      },
      "/home/bluegirl/csce431/hesti/app/controllers/concerns/sessions_concern.rb": {
        "lines": [
          1,
          1,
          null,
          1,
          2,
          2,
          2,
          null,
          null,
          1,
          21,
          21,
          21,
          null,
          null,
          1,
          2,
          2,
          2,
          null,
          null
        ]
      },
      "/home/bluegirl/csce431/hesti/app/models/organization.rb": {
        "lines": [
          1,
          1,
          null
        ]
      },
      "/home/bluegirl/csce431/hesti/app/controllers/listings_controller.rb": {
        "lines": [
          null,
          1,
          1,
          21,
          20,
          20,
          20,
          null,
          1,
          null,
          21,
          21,
          21,
          21,
          21,
          null,
          21,
          1,
          null,
          null,
          21,
          21,
          20,
          null,
          null,
          null,
          1,
          1,
          1,
          1,
          null,
          0,
          0,
          null,
          null,
          null,
          1,
          1,
          1,
          0,
          0,
          null,
          null,
          null,
          1,
          1,
          0,
          0,
          null,
          null,
          1,
          null,
          0,
          0,
          0,
          null,
          null,
          null,
          1,
          9,
          9,
          9,
          9,
          9,
          null,
          9,
          7,
          null,
          2,
          null,
          9,
          1,
          null,
          9,
          9,
          null,
          null,
          1,
          3,
          3,
          3,
          3,
          3,
          2,
          null,
          null,
          null,
          1,
          1,
          1,
          null,
          null,
          null,
          null,
          null,
          1,
          null,
          1,
          0,
          0,
          null,
          null,
          1,
          0,
          0,
          null,
          null,
          null,
          null,
          null,
          1,
          null,
          0,
          null,
          null,
          null,
          1,
          1,
          1,
          1,
          1,
          null,
          0,
          null,
          null,
          null,
          1,
          21,
          null,
          null,
          1,
          1,
          1,
          1,
          1,
          null,
          0,
          null,
          null,
          1,
          null,
          1,
          1,
          1,
          1,
          1,
          1,
          null,
          1,
          null,
          null,
          1,
          21,
          null,
          null,
          1,
          3,
          null,
          null,
          3,
          null,
          null,
          1,
          2,
          null,
          null,
          1,
          0,
          0,
          0,
          0,
          null,
          0,
          0,
          0,
          0,
          0,
          null,
          0,
          0,
          0,
          0,
          null,
          null,
          null,
          null,
          1,
          2,
          2,
          2,
          null,
          2,
          null,
          null,
          1,
          1,
          1,
          null,
          null,
          null,
          1,
          0,
          0,
          null,
          0,
          null,
          0,
          null,
          null,
          null
        ]
      },
      "/home/bluegirl/csce431/hesti/app/models/listing.rb": {
        "lines": [
          1,
          1,
          null,
          null,
          1,
          1,
          1,
          1,
          1,
          1,
          1,
          null,
          1,
          null,
          1,
          null,
          null,
          null,
          null,
          null,
          null,
          null,
          null,
          1,
          1,
          2,
          1,
          1,
          null,
          1,
          0,
          0,
          0,
          0,
          0,
          0,
          null,
          null,
          0,
          null,
          null
        ]
      },
      "/home/bluegirl/csce431/hesti/app/models/amenity.rb": {
        "lines": [
          1,
          1,
          null
        ]
      },
      "/home/bluegirl/csce431/hesti/app/models/favorite.rb": {
        "lines": [
          1,
          1,
          1,
          null
        ]
      },
      "/home/bluegirl/csce431/hesti/app/models/request.rb": {
        "lines": [
          1,
          1,
          1,
          null
        ]
      },
      "/home/bluegirl/csce431/hesti/app/models/amenity_mapping.rb": {
        "lines": [
          1,
          1,
          1,
          null
        ]
      },
      "/home/bluegirl/csce431/hesti/app/controllers/users_controller.rb": {
        "lines": [
          1,
          1,
          1,
          null,
          1,
          null,
          null,
          null,
          1,
          null,
          4,
          null,
          null,
          1,
          null,
          4,
          null,
          4,
          0,
          0,
          null,
          4,
          2,
          2,
          null,
          null,
          4,
          null,
          null,
          null,
          1,
          null,
          7,
          6,
          6,
          6,
          0,
          null,
          null,
          6,
          2,
          null,
          null,
          6,
          null,
          6,
          6,
          null,
          null,
          6,
          6,
          null,
          6,
          6,
          6,
          6,
          null,
          null,
          1,
          1,
          null,
          null,
          null,
          1,
          null,
          2,
          1,
          1,
          null,
          1,
          null,
          null,
          null,
          1,
          null,
          1,
          1,
          1,
          6,
          6,
          null,
          null,
          6,
          null,
          null,
          1,
          null,
          null,
          1,
          null,
          1,
          1,
          1,
          1,
          null,
          1,
          null,
          null,
          null,
          null,
          null,
          1,
          14,
          null,
          null
        ]
      }
    },
    "timestamp": 1646992043
  },
  "RSpec": {
    "coverage": {
      "/home/bluegirl/csce431/hesti/config/environment.rb": {
        "lines": [
          null,
          1,
          null,
          null,
          1
        ]
      },
      "/home/bluegirl/csce431/hesti/config/application.rb": {
        "lines": [
          1,
          null,
          1,
          null,
          null,
          null,
          1,
          null,
          1,
          1,
          null,
          1,
          1,
          null,
          null,
          null,
          null,
          null,
          null,
          null,
          null,
          null,
          null
        ]
      },
      "/home/bluegirl/csce431/hesti/config/boot.rb": {
        "lines": [
          1,
          null,
          1,
          1
        ]
      },
      "/home/bluegirl/csce431/hesti/config/environments/test.rb": {
        "lines": [
          1,
          null,
          null,
          null,
          null,
          null,
          null,
          1,
          null,
          null,
          null,
          1,
          null,
          null,
          null,
          null,
          1,
          null,
          null,
          1,
          1,
          null,
          null,
          null,
          null,
          1,
          1,
          1,
          null,
          null,
          1,
          null,
          null,
          1,
          null,
          null,
          1,
          null,
          1,
          null,
          null,
          null,
          null,
          1,
          null,
          null,
          1,
          null,
          null,
          1,
          null,
          null,
          1,
          null,
          null,
          null,
          null,
          null,
          null,
          1,
          null,
          null,
          null,
          null
        ]
      },
      "/home/bluegirl/csce431/hesti/config/initializers/assets.rb": {
        "lines": [
          null,
          null,
          null,
          1,
          null,
          null,
          null,
          null,
          null,
          null,
          null,
          null
        ]
      },
      "/home/bluegirl/csce431/hesti/config/initializers/content_security_policy.rb": {
        "lines": [
          null,
          null,
          null,
          null,
          null,
          null,
          null,
          null,
          null,
          null,
          null,
          null,
          null,
          null,
          null,
          null,
          null,
          null,
          null,
          null,
          null,
          null,
          null,
          null,
          null,
          null
        ]
      },
      "/home/bluegirl/csce431/hesti/config/initializers/filter_parameter_logging.rb": {
        "lines": [
          null,
          null,
          null,
          1,
          null,
          null
        ]
      },
      "/home/bluegirl/csce431/hesti/config/initializers/google_sign_in.rb": {
        "lines": [
          null,
          1,
          1,
          1,
          null
        ]
      },
      "/home/bluegirl/csce431/hesti/config/initializers/inflections.rb": {
        "lines": [
          null,
          null,
          null,
          null,
          null,
          null,
          null,
          null,
          null,
          null,
          null,
          null,
          null,
          null,
          null,
          null
        ]
      },
      "/home/bluegirl/csce431/hesti/config/initializers/npm.rb": {
        "lines": [
          null,
          1
        ]
      },
      "/home/bluegirl/csce431/hesti/config/initializers/permissions_policy.rb": {
        "lines": [
          null,
          null,
          null,
          null,
          null,
          null,
          null,
          null,
          null,
          null,
          null
        ]
      },
      "/home/bluegirl/csce431/hesti/config/routes.rb": {
        "lines": [
          1,
          null,
          1,
          null,
          1,
          1,
          1,
          1,
          1,
          1,
          null,
          1,
          1,
          1,
          1,
          1,
          null,
          null,
          1,
          null,
          1,
          1,
          1,
          1,
          null,
          1,
          1,
          1,
          1,
          null,
          null,
          null,
          null,
          null,
          null
        ]
      },
      "/home/bluegirl/csce431/hesti/app/helpers/application_helper.rb": {
        "lines": [
          1,
          null
        ]
      },
      "/home/bluegirl/csce431/hesti/app/helpers/carousel_helper.rb": {
        "lines": [
          1,
          1,
          0,
          null,
          null,
          1,
          1,
          0,
          0,
          null,
          null,
          1,
          null,
          0,
          null,
          null,
          null,
          null,
          null,
          null,
          0,
          0,
          null,
          null,
          1,
          null,
          1,
          1,
          null,
          1,
          0,
          0,
          null,
          null,
          1,
          null,
          0,
          null,
          null,
          null,
          null,
          null,
          null,
          0,
          null,
          null,
          1,
          0,
          0,
          null,
          null,
          1,
          null,
          0,
          null,
          null,
          0,
          0,
          null,
          null,
          1,
          0,
          null,
          null,
          1,
          null,
          0,
          null,
          null,
          null,
          null,
          null,
          null,
          null,
          0,
          null,
          null,
          null,
          null,
          null,
          0,
          0,
          null,
          null,
          null
        ]
      },
      "/home/bluegirl/csce431/hesti/app/helpers/listings_helper.rb": {
        "lines": [
          1,
          null
        ]
      },
      "/home/bluegirl/csce431/hesti/app/helpers/sessions_helper.rb": {
        "lines": [
          1,
          null
        ]
      },
      "/home/bluegirl/csce431/hesti/app/helpers/users_helper.rb": {
        "lines": [
          1,
          null
        ]
      },
      "/home/bluegirl/csce431/hesti/spec/support/database_cleaner.rb": {
        "lines": [
          1,
          null,
          1,
          1,
          null,
          null,
          1,
          7,
          null,
          null,
          1,
          7,
          null,
          null,
          1,
          7,
          null,
          null,
          1,
          1,
          null,
          null,
          null
        ]
      },
      "/home/bluegirl/csce431/hesti/app/controllers/listings_controller.rb": {
        "lines": [
          null,
          1,
          1,
          0,
          0,
          0,
          0,
          null,
          0,
          null,
          0,
          0,
          0,
          0,
          0,
          null,
          0,
          0,
          null,
          null,
          0,
          0,
          0,
          null,
          null,
          null,
          1,
          0,
          0,
          0,
          null,
          0,
          0,
          null,
          null,
          null,
          1,
          0,
          0,
          0,
          0,
          null,
          null,
          null,
          0,
          0,
          0,
          0,
          null,
          null,
          0,
          null,
          0,
          0,
          0,
          null,
          null,
          null,
          1,
          0,
          0,
          0,
          0,
          0,
          null,
          0,
          0,
          null,
          0,
          null,
          0,
          0,
          null,
          0,
          0,
          null,
          null,
          1,
          0,
          0,
          0,
          0,
          0,
          0,
          null,
          null,
          null,
          1,
          0,
          0,
          null,
          null,
          null,
          null,
          null,
          0,
          null,
          0,
          0,
          0,
          null,
          null,
          0,
          0,
          0,
          null,
          null,
          null,
          null,
          null,
          0,
          null,
          0,
          null,
          null,
          null,
          1,
          0,
          0,
          0,
          0,
          null,
          0,
          null,
          null,
          null,
          1,
          0,
          null,
          null,
          1,
          0,
          0,
          0,
          0,
          null,
          0,
          null,
          null,
          0,
          null,
          0,
          0,
          0,
          0,
          0,
          0,
          null,
          0,
          null,
          null,
          1,
          0,
          null,
          null,
          1,
          0,
          null,
          null,
          0,
          null,
          null,
          1,
          0,
          null,
          null,
          1,
          4,
          3,
          1,
          1,
          null,
          2,
          1,
          1,
          1,
          1,
          null,
          1,
          1,
          1,
          1,
          null,
          null,
          null,
          null,
          1,
          0,
          0,
          0,
          null,
          0,
          null,
          null,
          1,
          0,
          0,
          null,
          null,
          null,
          1,
          0,
          0,
          null,
          0,
          null,
          0,
          null,
          null,
          null
        ]
      },
      "/home/bluegirl/csce431/hesti/app/controllers/application_controller.rb": {
        "lines": [
          1,
          1,
          null,
          1,
          null,
          null
        ]
      },
      "/home/bluegirl/csce431/hesti/spec/models/favorite_spec.rb": {
        "lines": [
          1,
          null,
          1,
          null,
          null,
          null,
          null,
          null,
          null,
          null,
          null,
          null,
          null,
          null,
          null
        ]
      },
      "/home/bluegirl/csce431/hesti/app/models/favorite.rb": {
        "lines": [
          1,
          1,
          1,
          null
        ]
      },
      "/home/bluegirl/csce431/hesti/app/models/application_record.rb": {
        "lines": [
          1,
          1,
          null
        ]
      },
      "/home/bluegirl/csce431/hesti/spec/models/listing_spec.rb": {
        "lines": [
          1,
          null,
          1,
          1,
          1,
          1,
          null,
          null,
          null,
          null,
          1,
          1,
          1,
          null,
          null,
          1,
          1,
          null,
          null,
          null,
          1,
          null,
          null,
          null,
          null,
          null,
          1,
          1,
          1,
          1,
          null,
          null,
          null,
          1,
          1,
          1,
          1,
          null,
          null,
          1,
          1,
          1,
          null,
          null,
          1,
          1,
          1,
          null,
          null,
          null,
          null,
          null
        ]
      },
      "/home/bluegirl/csce431/hesti/app/models/listing.rb": {
        "lines": [
          1,
          1,
          null,
          null,
          1,
          1,
          1,
          1,
          1,
          1,
          1,
          null,
          1,
          null,
          1,
          null,
          null,
          null,
          null,
          null,
          null,
          null,
          null,
          1,
          1,
          1,
          1,
          1,
          null,
          1,
          6,
          6,
          6,
          6,
          10,
          8,
          null,
          null,
          6,
          null,
          null
        ]
      },
      "/home/bluegirl/csce431/hesti/spec/models/organization_spec.rb": {
        "lines": [
          1,
          null,
          1,
          null,
          null
        ]
      },
      "/home/bluegirl/csce431/hesti/app/models/organization.rb": {
        "lines": [
          1,
          1,
          null
        ]
      },
      "/home/bluegirl/csce431/hesti/spec/models/request_spec.rb": {
        "lines": [
          1,
          null,
          1,
          null,
          null
        ]
      },
      "/home/bluegirl/csce431/hesti/app/models/request.rb": {
        "lines": [
          1,
          1,
          1,
          null
        ]
      },
      "/home/bluegirl/csce431/hesti/app/models/user.rb": {
        "lines": [
          1,
          1,
          1,
          1,
          null,
          1,
          1,
          1,
          1,
          1,
          1,
          null
        ]
      },
      "/home/bluegirl/csce431/hesti/app/models/amenity.rb": {
        "lines": [
          1,
          1,
          null
        ]
      },
      "/home/bluegirl/csce431/hesti/app/models/amenity_mapping.rb": {
        "lines": [
          1,
          1,
          1,
          null
        ]
      }
    },
    "timestamp": 1646992069
  }
}
